<?xml version="1.0" encoding="UTF-8"?>
<!-- Generated by org.testng.reporters.JUnitReportReporter -->
<testsuite hostname="DESKTOP-3HF9000" failures="0" tests="1" name="Test_Script.TC_01" time="43.639" errors="0" timestamp="2022-09-27T07:15:04 GMT-05:00" skipped="0">
  <testcase classname="Test_Script.TC_01" name="Test_Script" time="43.639"/>
  <system-out/>
</testsuite> <!-- Test_Script.TC_01 -->
